2014/10/05 22:54:56 にビルドを開始しました。
     1>ノード 2 上のプロジェクト "D:\document\GitHub\Windows-Serial-connection-program\loopBackTest\loopBackTest.vcxproj" (Build ターゲット)。
     1>ClCompile:
         C:\Program Files (x86)\Microsoft Visual Studio 12.0\VC\bin\CL.exe /c /ZI /nologo /W3 /WX- /Od /Oy- /D WIN32 /D _DEBUG /D _CONSOLE /D _LIB /D _UNICODE /D UNICODE /Gm /EHsc /RTC1 /MDd /GS /fp:precise /Zc:wchar_t /Zc:forScope /Fo"Debug\\" /Fd"Debug\vc120.pdb" /Gd /TP /analyze- /errorReport:prompt main.cpp
         main.cpp
     1>d:\document\github\windows-serial-connection-program\loopbacktest\main.cpp(35): error C3861: '_T': 識別子が見つかりませんでした
     1>d:\document\github\windows-serial-connection-program\loopbacktest\main.cpp(47): error C3861: '_T': 識別子が見つかりませんでした
     1>d:\document\github\windows-serial-connection-program\loopbacktest\main.cpp(104): error C3861: '_T': 識別子が見つかりませんでした
     1>プロジェクト "D:\document\GitHub\Windows-Serial-connection-program\loopBackTest\loopBackTest.vcxproj" (Build ターゲット) のビルドが終了しました -- 失敗。

ビルドに失敗しました。

経過時間 00:00:00.57
